C51 COMPILER V9.60.0.0   INPUT_BOUNCE                                                      05/21/2020 03:13:18 PAGE 1   


C51 COMPILER V9.60.0.0, COMPILATION OF MODULE INPUT_BOUNCE
OBJECT MODULE PLACED IN .\Objects\input_bounce.obj
COMPILER INVOKED BY: C:\Keil_v5\C51\BIN\C51.EXE input_bounce.C OPTIMIZE(8,SPEED) BROWSE DEBUG OBJECTEXTEND PRINT(.\Listi
                    -ngs\input_bounce.lst) TABS(2) OBJECT(.\Objects\input_bounce.obj)

line level    source

   1          #include <Reg52.h>
   2          // define all the constants 
   3          
   4          #define port_output P3
   5          #define Sw_press (bit) 1
   6          #define Sw_not_press (bit) 0
   7          
   8          sbit Sw_pin = P1^0;
   9          /*this is a basic code which debounces if there is a bounce in switch
  10              program for 8051 microcontroller */
  11          
  12          // function prototypes
  13          
  14          void switch_intialise(void);
  15          bit sw_get_inp(const unsigned char debounce_period);
  16          void Display_swstatus_intialie(void);
  17          void Display_swstatus_update(const bit);
  18          void DELAY_LOOP_Wait(const unsigned int DELAY_MS);
  19          
  20          void main(void){
  21   1        bit Sw_switch;
  22   1      
  23   1        switch_intialise();
  24   1      
  25   1        Display_swstatus_intialie();
  26   1      
  27   1        while(1){
  28   2          Sw_switch = sw_get_inp(30);
  29   2          Display_swstatus_update(Sw_switch);
  30   2          }
  31   1      }
  32          // sw_intialise will make the Sw_pin readable
  33          void switch_intialise(void){
  34   1        Sw_pin = 1;
  35   1      }
  36          bit sw_get_inp(const unsigned char debounce_period){
  37   1        // this checks whether the switch is on or not
  38   1        /*if switch is off return switch not pressed else check for 
  39   1        debounce period before reading the switch*/
  40   1      
  41   1        bit return_value = Sw_not_press;
  42   1        if(Sw_pin==0){
  43   2          // may be switch is on check for debounce period 
  44   2          DELAY_LOOP_Wait(debounce_period);
  45   2          if(Sw_pin==0){
  46   3            return_value = Sw_press;
  47   3      
  48   3          }
  49   2      
  50   2        }
  51   1        return return_value;
  52   1      
  53   1      
  54   1      }
C51 COMPILER V9.60.0.0   INPUT_BOUNCE                                                      05/21/2020 03:13:18 PAGE 2   

  55          void Display_swstatus_intialie(void){
  56   1        port_output = 0xF0;
  57   1      }
  58          
  59          void Display_swstatus_update(bit Switch_status){
  60   1      
  61   1        if(Switch_status == Sw_press){
  62   2          port_output = 0x0F;
  63   2      
  64   2        }
  65   1        else{
  66   2          port_output = 0xF0;
  67   2      
  68   2        }
  69   1      }
  70          void DELAY_LOOP_Wait(const unsigned int DELAY_MS){
  71   1        unsigned int x,y;
  72   1        for(x =0;x<=DELAY_MS;x++){
  73   2      
  74   2          for(y = 0;y<=120;y++);
  75   2        }
  76   1      }
  77          
  78          
  79          


MODULE INFORMATION:   STATIC OVERLAYABLE
   CODE SIZE        =     90    ----
   CONSTANT SIZE    =   ----    ----
   XDATA SIZE       =   ----    ----
   PDATA SIZE       =   ----    ----
   DATA SIZE        =   ----    ----
   IDATA SIZE       =   ----    ----
   BIT SIZE         =   ----       3
END OF MODULE INFORMATION.


C51 COMPILATION COMPLETE.  0 WARNING(S),  0 ERROR(S)
